2026-03-19 10:40:42,058 INFO master_ingestion_agent - Discovered 171 CSV files under D:\fSemester_2_Winter_(2026)\6414-Data Analytics and Visualization\Project\TTC-PULSE\data\raw
2026-03-19 10:40:42,080 INFO master_ingestion_agent - Loaded 0 subway code mappings from D:\fSemester_2_Winter_(2026)\6414-Data Analytics and Visualization\Project\TTC-PULSE\data\raw\subway\ttc-subway-delay-codes__01_Sheet_1.csv
2026-03-19 10:40:47,432 INFO master_ingestion_agent - Processed bus\TTC Bus Delay Data since 2025.csv as subway rows=69037
2026-03-19 10:40:47,544 INFO master_ingestion_agent - Processed bus\ttc-bus-delay-data-2014__01_Jan_2014.csv as bus rows=9822
2026-03-19 10:40:47,621 INFO master_ingestion_agent - Processed bus\ttc-bus-delay-data-2014__02_Feb_2014.csv as bus rows=8115
2026-03-19 10:40:47,726 INFO master_ingestion_agent - Processed bus\ttc-bus-delay-data-2014__03_Mar_2014.csv as bus rows=8127
2026-03-19 10:40:47,815 INFO master_ingestion_agent - Processed bus\ttc-bus-delay-data-2014__04_Apr_2014.csv as bus rows=7881
2026-03-19 10:40:47,901 INFO master_ingestion_agent - Processed bus\ttc-bus-delay-data-2014__05_May_2014.csv as bus rows=8030
2026-03-19 10:40:47,981 INFO master_ingestion_agent - Processed bus\ttc-bus-delay-data-2014__06_June_2014.csv as bus rows=7834
2026-03-19 10:40:48,057 INFO master_ingestion_agent - Processed bus\ttc-bus-delay-data-2014__07_July_2014.csv as bus rows=6661
2026-03-19 10:40:48,128 INFO master_ingestion_agent - Processed bus\ttc-bus-delay-data-2014__08_Aug_2014.csv as bus rows=6654
2026-03-19 10:40:48,245 INFO master_ingestion_agent - Processed bus\ttc-bus-delay-data-2014__09_Sept_2014.csv as bus rows=8746
2026-03-19 10:40:48,325 INFO master_ingestion_agent - Processed bus\ttc-bus-delay-data-2014__10_Oct_2014.csv as bus rows=7979
2026-03-19 10:40:48,410 INFO master_ingestion_agent - Processed bus\ttc-bus-delay-data-2014__11_Nov_2014.csv as bus rows=7689
2026-03-19 10:40:48,495 INFO master_ingestion_agent - Processed bus\ttc-bus-delay-data-2014__12_Dec_2014.csv as bus rows=6679
2026-03-19 10:40:48,575 INFO master_ingestion_agent - Processed bus\ttc-bus-delay-data-2015__01_Jan_2015.csv as bus rows=6665
2026-03-19 10:40:48,666 INFO master_ingestion_agent - Processed bus\ttc-bus-delay-data-2015__02_Feb_2015.csv as bus rows=8116
2026-03-19 10:40:48,748 INFO master_ingestion_agent - Processed bus\ttc-bus-delay-data-2015__03_Mar_2015.csv as bus rows=6377
2026-03-19 10:40:48,837 INFO master_ingestion_agent - Processed bus\ttc-bus-delay-data-2015__04_Apr_2015.csv as bus rows=6247
2026-03-19 10:40:48,922 INFO master_ingestion_agent - Processed bus\ttc-bus-delay-data-2015__05_May_2015.csv as bus rows=6773
2026-03-19 10:40:48,996 INFO master_ingestion_agent - Processed bus\ttc-bus-delay-data-2015__06_June_2015.csv as bus rows=6704
2026-03-19 10:40:49,064 INFO master_ingestion_agent - Processed bus\ttc-bus-delay-data-2015__07_July_2015.csv as bus rows=6109
2026-03-19 10:40:49,128 INFO master_ingestion_agent - Processed bus\ttc-bus-delay-data-2015__08_Aug_2015.csv as bus rows=4948
2026-03-19 10:40:49,218 INFO master_ingestion_agent - Processed bus\ttc-bus-delay-data-2015__09_Sept_2015.csv as bus rows=6394
2026-03-19 10:40:49,317 INFO master_ingestion_agent - Processed bus\ttc-bus-delay-data-2015__10_Oct_2015.csv as bus rows=6732
2026-03-19 10:40:49,385 INFO master_ingestion_agent - Processed bus\ttc-bus-delay-data-2015__11_Nov_2015.csv as bus rows=5918
2026-03-19 10:40:49,447 INFO master_ingestion_agent - Processed bus\ttc-bus-delay-data-2015__12_Dec_2015.csv as bus rows=5527
2026-03-19 10:40:49,512 INFO master_ingestion_agent - Processed bus\ttc-bus-delay-data-2016__01_Jan_2016.csv as bus rows=5326
2026-03-19 10:40:49,578 INFO master_ingestion_agent - Processed bus\ttc-bus-delay-data-2016__02_Feb_2016.csv as bus rows=5468
2026-03-19 10:40:49,651 INFO master_ingestion_agent - Processed bus\ttc-bus-delay-data-2016__03_Mar_2016.csv as bus rows=6313
2026-03-19 10:40:49,731 INFO master_ingestion_agent - Processed bus\ttc-bus-delay-data-2016__04_Apr_2016.csv as bus rows=5906
2026-03-19 10:40:49,805 INFO master_ingestion_agent - Processed bus\ttc-bus-delay-data-2016__05_May_2016.csv as bus rows=6318
2026-03-19 10:40:49,879 INFO master_ingestion_agent - Processed bus\ttc-bus-delay-data-2016__06_Jun_2016.csv as bus rows=6330
2026-03-19 10:40:49,970 INFO master_ingestion_agent - Processed bus\ttc-bus-delay-data-2016__07_July_2016.csv as bus rows=7010
2026-03-19 10:40:50,052 INFO master_ingestion_agent - Processed bus\ttc-bus-delay-data-2016__08_Aug_2016.csv as bus rows=6662
2026-03-19 10:40:50,122 INFO master_ingestion_agent - Processed bus\ttc-bus-delay-data-2016__09_Sept_2016.csv as bus rows=6806
2026-03-19 10:40:50,210 INFO master_ingestion_agent - Processed bus\ttc-bus-delay-data-2016__10_Oct_2016.csv as bus rows=7206
2026-03-19 10:40:50,282 INFO master_ingestion_agent - Processed bus\ttc-bus-delay-data-2016__11_Nov_2016.csv as bus rows=6882
2026-03-19 10:40:50,359 INFO master_ingestion_agent - Processed bus\ttc-bus-delay-data-2016__12_Dec_2016.csv as bus rows=6861
2026-03-19 10:40:50,420 INFO master_ingestion_agent - Processed bus\ttc-bus-delay-data-2017__01_Jan_2017.csv as bus rows=5300
2026-03-19 10:40:50,485 INFO master_ingestion_agent - Processed bus\ttc-bus-delay-data-2017__02_Feb_2017.csv as bus rows=5144
2026-03-19 10:40:50,539 INFO master_ingestion_agent - Processed bus\ttc-bus-delay-data-2017__03_Mar_2017.csv as bus rows=4962
2026-03-19 10:40:50,599 INFO master_ingestion_agent - Processed bus\ttc-bus-delay-data-2017__04_Apr_2017.csv as bus rows=5029
2026-03-19 10:40:50,666 INFO master_ingestion_agent - Processed bus\ttc-bus-delay-data-2017__05_May_2017.csv as bus rows=6015
2026-03-19 10:40:50,744 INFO master_ingestion_agent - Processed bus\ttc-bus-delay-data-2017__06_Jun_2017.csv as bus rows=5870
2026-03-19 10:40:50,810 INFO master_ingestion_agent - Processed bus\ttc-bus-delay-data-2017__07_July_2017.csv as bus rows=5675
2026-03-19 10:40:50,888 INFO master_ingestion_agent - Processed bus\ttc-bus-delay-data-2017__08_Aug_2017.csv as bus rows=6066
2026-03-19 10:40:50,968 INFO master_ingestion_agent - Processed bus\ttc-bus-delay-data-2017__09_Sept_2017.csv as bus rows=6464
2026-03-19 10:40:51,039 INFO master_ingestion_agent - Processed bus\ttc-bus-delay-data-2017__10_Oct_2017.csv as bus rows=6460
2026-03-19 10:40:51,107 INFO master_ingestion_agent - Processed bus\ttc-bus-delay-data-2017__11_Nov_2017.csv as bus rows=6500
2026-03-19 10:40:51,176 INFO master_ingestion_agent - Processed bus\ttc-bus-delay-data-2017__12_Dec_2017.csv as bus rows=6818
2026-03-19 10:40:51,254 INFO master_ingestion_agent - Processed bus\ttc-bus-delay-data-2018__01_Jan_2018.csv as bus rows=6969
2026-03-19 10:40:51,330 INFO master_ingestion_agent - Processed bus\ttc-bus-delay-data-2018__02_Feb_2018.csv as bus rows=5775
2026-03-19 10:40:51,392 INFO master_ingestion_agent - Processed bus\ttc-bus-delay-data-2018__03_Mar_2018.csv as bus rows=5505
2026-03-19 10:40:51,480 INFO master_ingestion_agent - Processed bus\ttc-bus-delay-data-2018__04_Apr_2018.csv as bus rows=6237
2026-03-19 10:40:51,551 INFO master_ingestion_agent - Processed bus\ttc-bus-delay-data-2018__05_May_2018.csv as bus rows=6839
2026-03-19 10:40:51,620 INFO master_ingestion_agent - Processed bus\ttc-bus-delay-data-2018__06_June_2018.csv as bus rows=6174
2026-03-19 10:40:51,710 INFO master_ingestion_agent - Processed bus\ttc-bus-delay-data-2018__07_July_2018.csv as bus rows=6440
2026-03-19 10:40:51,824 INFO master_ingestion_agent - Processed bus\ttc-bus-delay-data-2018__08_Aug_2018.csv as bus rows=6703
2026-03-19 10:40:51,900 INFO master_ingestion_agent - Processed bus\ttc-bus-delay-data-2018__09_Sept_2018.csv as bus rows=5938
2026-03-19 10:40:51,974 INFO master_ingestion_agent - Processed bus\ttc-bus-delay-data-2018__10_Oct_2018.csv as bus rows=6013
2026-03-19 10:40:52,039 INFO master_ingestion_agent - Processed bus\ttc-bus-delay-data-2018__11_Nov_2018.csv as bus rows=6286
2026-03-19 10:40:52,120 INFO master_ingestion_agent - Processed bus\ttc-bus-delay-data-2018__12_Dec_2018.csv as bus rows=5048
2026-03-19 10:40:52,220 INFO master_ingestion_agent - Processed bus\ttc-bus-delay-data-2019__01_Jan_2019.csv as bus rows=6743
2026-03-19 10:40:52,339 INFO master_ingestion_agent - Processed bus\ttc-bus-delay-data-2019__02_Feb_2019.csv as bus rows=6958
2026-03-19 10:40:52,440 INFO master_ingestion_agent - Processed bus\ttc-bus-delay-data-2019__03_Mar_2019.csv as bus rows=5712
2026-03-19 10:40:52,481 ERROR master_ingestion_agent - Failed processing bus\ttc-bus-delay-data-2019__04_Apr_2019.csv
Traceback (most recent call last):
  File "D:\fSemester_2_Winter_(2026)\6414-Data Analytics and Visualization\Project\TTC-PULSE\pipeline\ingest\ingest_pipeline.py", line 263, in run
    cleaned = transformer.transform(df, dataset_type, rel)
              ^^^^^^^^^^^^^^^^^^^^^^^^^^^^^^^^^^^^^^^^^^^^
  File "D:\fSemester_2_Winter_(2026)\6414-Data Analytics and Visualization\Project\TTC-PULSE\pipeline\ingest\ingest_pipeline.py", line 169, in transform
    out["incident_code"] = code_series
    ~~~^^^^^^^^^^^^^^^^^
  File "D:\fSemester_2_Winter_(2026)\6414-Data Analytics and Visualization\Project\TTC-PULSE\backend\.venv\Lib\site-packages\pandas\core\frame.py", line 4306, in __setitem__
    self._set_item_frame_value(key, value)
  File "D:\fSemester_2_Winter_(2026)\6414-Data Analytics and Visualization\Project\TTC-PULSE\backend\.venv\Lib\site-packages\pandas\core\frame.py", line 4464, in _set_item_frame_value
    raise ValueError(
ValueError: Cannot set a DataFrame with multiple columns to the single column incident_code
2026-03-19 10:40:52,590 INFO master_ingestion_agent - Processed bus\ttc-bus-delay-data-2019__05_May_2019.csv as bus rows=5023
2026-03-19 10:40:52,656 INFO master_ingestion_agent - Processed bus\ttc-bus-delay-data-2019__06_June_2019.csv as bus rows=5232
2026-03-19 10:40:52,720 INFO master_ingestion_agent - Processed bus\ttc-bus-delay-data-2019__07_July_2019.csv as bus rows=5113
2026-03-19 10:40:52,779 INFO master_ingestion_agent - Processed bus\ttc-bus-delay-data-2019__08_Aug_2019.csv as bus rows=4354
2026-03-19 10:40:52,857 INFO master_ingestion_agent - Processed bus\ttc-bus-delay-data-2019__09_Sept_2019.csv as bus rows=3894
2026-03-19 10:40:52,926 INFO master_ingestion_agent - Processed bus\ttc-bus-delay-data-2019__10_Oct_2019.csv as bus rows=4283
2026-03-19 10:40:52,989 INFO master_ingestion_agent - Processed bus\ttc-bus-delay-data-2019__11_Nov_2019.csv as bus rows=5436
2026-03-19 10:40:53,045 INFO master_ingestion_agent - Processed bus\ttc-bus-delay-data-2019__12_Dec_2019.csv as bus rows=4484
2026-03-19 10:40:53,099 INFO master_ingestion_agent - Processed bus\ttc-bus-delay-data-2020__01_Jan_2020.csv as bus rows=4282
2026-03-19 10:40:53,149 INFO master_ingestion_agent - Processed bus\ttc-bus-delay-data-2020__02_Feb_2020.csv as bus rows=4077
2026-03-19 10:40:53,205 INFO master_ingestion_agent - Processed bus\ttc-bus-delay-data-2020__03_March_2020.csv as bus rows=3922
2026-03-19 10:40:53,265 INFO master_ingestion_agent - Processed bus\ttc-bus-delay-data-2020__04_April_2020.csv as bus rows=3864
2026-03-19 10:40:53,328 INFO master_ingestion_agent - Processed bus\ttc-bus-delay-data-2020__05_May_2020.csv as bus rows=3504
2026-03-19 10:40:53,377 INFO master_ingestion_agent - Processed bus\ttc-bus-delay-data-2020__06_June_2020.csv as bus rows=3001
2026-03-19 10:40:53,413 INFO master_ingestion_agent - Processed bus\ttc-bus-delay-data-2020__07_July_2020.csv as bus rows=2210
2026-03-19 10:40:53,447 INFO master_ingestion_agent - Processed bus\ttc-bus-delay-data-2020__08_Aug_20.csv as bus rows=2093
2026-03-19 10:40:53,482 INFO master_ingestion_agent - Processed bus\ttc-bus-delay-data-2020__09_Sept_20.csv as bus rows=1768
2026-03-19 10:40:53,518 INFO master_ingestion_agent - Processed bus\ttc-bus-delay-data-2020__10_Oct_20.csv as bus rows=2019
2026-03-19 10:40:53,559 INFO master_ingestion_agent - Processed bus\ttc-bus-delay-data-2020__11_Nov_20.csv as bus rows=2575
2026-03-19 10:40:53,606 INFO master_ingestion_agent - Processed bus\ttc-bus-delay-data-2020__12_Dec_20.csv as bus rows=2836
2026-03-19 10:40:53,691 INFO master_ingestion_agent - Processed bus\ttc-bus-delay-data-2021__01_Jan_21.csv as bus rows=2832
2026-03-19 10:40:53,745 INFO master_ingestion_agent - Processed bus\ttc-bus-delay-data-2021__02_Feb_21.csv as bus rows=2874
2026-03-19 10:40:53,814 INFO master_ingestion_agent - Processed bus\ttc-bus-delay-data-2021__03_Mar_21.csv as bus rows=4845
2026-03-19 10:40:53,877 INFO master_ingestion_agent - Processed bus\ttc-bus-delay-data-2021__04_April.csv as bus rows=4442
2026-03-19 10:40:53,934 INFO master_ingestion_agent - Processed bus\ttc-bus-delay-data-2021__05_May.csv as bus rows=4617
2026-03-19 10:40:54,019 INFO master_ingestion_agent - Processed bus\ttc-bus-delay-data-2021__06_June.csv as bus rows=4859
2026-03-19 10:40:54,050 INFO master_ingestion_agent - Processed bus\ttc-bus-delay-data-2021__07_July_21.csv as bus rows=1074
2026-03-19 10:40:54,078 INFO master_ingestion_agent - Processed bus\ttc-bus-delay-data-2021__08_Aug_21.csv as bus rows=1229
2026-03-19 10:40:54,152 INFO master_ingestion_agent - Processed bus\ttc-bus-delay-data-2021__09_Sept_21.csv as bus rows=3542
2026-03-19 10:40:54,224 INFO master_ingestion_agent - Processed bus\ttc-bus-delay-data-2021__10_Oct_21.csv as bus rows=3678
2026-03-19 10:40:54,279 INFO master_ingestion_agent - Processed bus\ttc-bus-delay-data-2021__11_Nov_21.csv as bus rows=3012
2026-03-19 10:40:54,343 INFO master_ingestion_agent - Processed bus\ttc-bus-delay-data-2021__12_Dec_21.csv as bus rows=5265
2026-03-19 10:40:54,886 INFO master_ingestion_agent - Processed bus\ttc-bus-delay-data-2022__01_2022.csv as bus rows=58707
2026-03-19 10:40:55,394 INFO master_ingestion_agent - Processed bus\ttc-bus-delay-data-2023__01_2023.csv as bus rows=56207
2026-03-19 10:40:55,933 INFO master_ingestion_agent - Processed bus\ttc-bus-delay-data-2024__01_2024.csv as bus rows=59643
2026-03-19 10:40:55,950 INFO master_ingestion_agent - Processed gtfs\agency.csv as gtfs rows=1
2026-03-19 10:40:55,969 INFO master_ingestion_agent - Processed gtfs\calendar.csv as gtfs rows=8
2026-03-19 10:40:55,989 INFO master_ingestion_agent - Processed gtfs\calendar_dates.csv as gtfs rows=7
2026-03-19 10:40:56,004 INFO master_ingestion_agent - Processed gtfs\routes.csv as gtfs rows=229
2026-03-19 10:41:00,767 INFO master_ingestion_agent - Processed gtfs\shapes.csv as gtfs rows=1025672
2026-03-19 10:41:22,839 INFO master_ingestion_agent - Processed gtfs\stop_times.csv as gtfs rows=4249149
2026-03-19 10:41:23,139 INFO master_ingestion_agent - Processed gtfs\stops.csv as gtfs rows=9417
2026-03-19 10:41:23,816 INFO master_ingestion_agent - Processed gtfs\trips.csv as gtfs rows=133665
2026-03-19 10:41:24,070 INFO master_ingestion_agent - Processed subway\TTC Subway Delay Data since 2025.csv as subway rows=28191
2026-03-19 10:41:24,094 INFO master_ingestion_agent - Processed subway\ttc-subway-delay-codes__01_Sheet_1.csv as subway rows=130
2026-03-19 10:41:24,128 INFO master_ingestion_agent - Processed subway\ttc-subway-delay-data-2018__01_Jan18.csv as subway rows=1873
2026-03-19 10:41:24,162 INFO master_ingestion_agent - Processed subway\ttc-subway-delay-data-2018__02_Feb18.csv as subway rows=1470
2026-03-19 10:41:24,192 INFO master_ingestion_agent - Processed subway\ttc-subway-delay-data-2018__03_March_2018.csv as subway rows=1621
2026-03-19 10:41:24,233 INFO master_ingestion_agent - Processed subway\ttc-subway-delay-data-2018__04_April_2018.csv as subway rows=1597
2026-03-19 10:41:24,273 INFO master_ingestion_agent - Processed subway\ttc-subway-delay-data-2018__05_May_2018.csv as subway rows=1761
2026-03-19 10:41:24,308 INFO master_ingestion_agent - Processed subway\ttc-subway-delay-data-2018__06_June_2018.csv as subway rows=1794
2026-03-19 10:41:24,343 INFO master_ingestion_agent - Processed subway\ttc-subway-delay-data-2018__07_July_18.csv as subway rows=1885
2026-03-19 10:41:24,392 INFO master_ingestion_agent - Processed subway\ttc-subway-delay-data-2018__08_August_18.csv as subway rows=1937
2026-03-19 10:41:24,431 INFO master_ingestion_agent - Processed subway\ttc-subway-delay-data-2018__09_Sept_18.csv as subway rows=1794
2026-03-19 10:41:24,469 INFO master_ingestion_agent - Processed subway\ttc-subway-delay-data-2018__10_Oct_18.csv as subway rows=1802
2026-03-19 10:41:24,501 INFO master_ingestion_agent - Processed subway\ttc-subway-delay-data-2018__11_Nov_2018.csv as subway rows=1738
2026-03-19 10:41:24,540 INFO master_ingestion_agent - Processed subway\ttc-subway-delay-data-2018__12_Dec_2018.csv as subway rows=1465
2026-03-19 10:41:24,572 INFO master_ingestion_agent - Processed subway\ttc-subway-delay-data-2019__01_Jan_19.csv as subway rows=1871
2026-03-19 10:41:24,605 INFO master_ingestion_agent - Processed subway\ttc-subway-delay-data-2019__02_Feb_19.csv as subway rows=1598
2026-03-19 10:41:24,638 INFO master_ingestion_agent - Processed subway\ttc-subway-delay-data-2019__03_Mar_19.csv as subway rows=1503
2026-03-19 10:41:24,672 INFO master_ingestion_agent - Processed subway\ttc-subway-delay-data-2019__04_Apr_19.csv as subway rows=1550
2026-03-19 10:41:24,701 INFO master_ingestion_agent - Processed subway\ttc-subway-delay-data-2019__05_May_19.csv as subway rows=1705
2026-03-19 10:41:24,734 INFO master_ingestion_agent - Processed subway\ttc-subway-delay-data-2019__06_June_19.csv as subway rows=1604
2026-03-19 10:41:24,771 INFO master_ingestion_agent - Processed subway\ttc-subway-delay-data-2019__07_July_19.csv as subway rows=1696
2026-03-19 10:41:24,807 INFO master_ingestion_agent - Processed subway\ttc-subway-delay-data-2019__08_August_19.csv as subway rows=1630
2026-03-19 10:41:24,843 INFO master_ingestion_agent - Processed subway\ttc-subway-delay-data-2019__09_September_19.csv as subway rows=1531
2026-03-19 10:41:24,883 INFO master_ingestion_agent - Processed subway\ttc-subway-delay-data-2019__10_Oct_19.csv as subway rows=1497
2026-03-19 10:41:24,925 INFO master_ingestion_agent - Processed subway\ttc-subway-delay-data-2019__11_Nov_19.csv as subway rows=1463
2026-03-19 10:41:24,968 INFO master_ingestion_agent - Processed subway\ttc-subway-delay-data-2019__12_December_19.csv as subway rows=1574
2026-03-19 10:41:24,996 INFO master_ingestion_agent - Processed subway\ttc-subway-delay-data-2020__01_Jan_2020.csv as subway rows=1339
2026-03-19 10:41:25,024 INFO master_ingestion_agent - Processed subway\ttc-subway-delay-data-2020__02_Feb_20.csv as subway rows=1307
2026-03-19 10:41:25,058 INFO master_ingestion_agent - Processed subway\ttc-subway-delay-data-2020__03_March_20.csv as subway rows=1495
2026-03-19 10:41:25,086 INFO master_ingestion_agent - Processed subway\ttc-subway-delay-data-2020__04_April_20.csv as subway rows=1438
2026-03-19 10:41:25,122 INFO master_ingestion_agent - Processed subway\ttc-subway-delay-data-2020__05_May_20.csv as subway rows=1090
2026-03-19 10:41:25,156 INFO master_ingestion_agent - Processed subway\ttc-subway-delay-data-2020__06_June20.csv as subway rows=929
2026-03-19 10:41:25,190 INFO master_ingestion_agent - Processed subway\ttc-subway-delay-data-2020__07_July_20.csv as subway rows=1207
2026-03-19 10:41:25,219 INFO master_ingestion_agent - Processed subway\ttc-subway-delay-data-2020__08_August_20.csv as subway rows=1091
2026-03-19 10:41:25,253 INFO master_ingestion_agent - Processed subway\ttc-subway-delay-data-2020__09_Sept_20.csv as subway rows=1050
2026-03-19 10:41:25,287 INFO master_ingestion_agent - Processed subway\ttc-subway-delay-data-2020__10_Oct_20.csv as subway rows=1270
2026-03-19 10:41:25,322 INFO master_ingestion_agent - Processed subway\ttc-subway-delay-data-2020__11_Nov_20.csv as subway rows=1263
2026-03-19 10:41:25,358 INFO master_ingestion_agent - Processed subway\ttc-subway-delay-data-2020__12_Dec_2020.csv as subway rows=1303
2026-03-19 10:41:25,396 INFO master_ingestion_agent - Processed subway\ttc-subway-delay-data-2021__01_January21.csv as subway rows=1216
2026-03-19 10:41:25,432 INFO master_ingestion_agent - Processed subway\ttc-subway-delay-data-2021__02_Feb_21.csv as subway rows=1245
2026-03-19 10:41:25,488 INFO master_ingestion_agent - Processed subway\ttc-subway-delay-data-2021__03_March_21.csv as subway rows=1167
2026-03-19 10:41:25,538 INFO master_ingestion_agent - Processed subway\ttc-subway-delay-data-2021__04_April_21.csv as subway rows=1170
2026-03-19 10:41:25,586 INFO master_ingestion_agent - Processed subway\ttc-subway-delay-data-2021__05_May_21.csv as subway rows=1168
2026-03-19 10:41:25,634 INFO master_ingestion_agent - Processed subway\ttc-subway-delay-data-2021__06_June_21.csv as subway rows=1265
2026-03-19 10:41:25,691 INFO master_ingestion_agent - Processed subway\ttc-subway-delay-data-2021__07_July_21.csv as subway rows=1244
2026-03-19 10:41:25,753 INFO master_ingestion_agent - Processed subway\ttc-subway-delay-data-2021__08_August_21.csv as subway rows=1273
2026-03-19 10:41:25,812 INFO master_ingestion_agent - Processed subway\ttc-subway-delay-data-2021__09_Sept_21.csv as subway rows=1433
2026-03-19 10:41:25,876 INFO master_ingestion_agent - Processed subway\ttc-subway-delay-data-2021__10_Oct_21.csv as subway rows=1560
2026-03-19 10:41:25,940 INFO master_ingestion_agent - Processed subway\ttc-subway-delay-data-2021__11_Nov_21.csv as subway rows=1771
2026-03-19 10:41:25,996 INFO master_ingestion_agent - Processed subway\ttc-subway-delay-data-2021__12_December21.csv as subway rows=1858
2026-03-19 10:41:26,292 INFO master_ingestion_agent - Processed subway\ttc-subway-delay-data-2022__01_2022.csv as subway rows=19895
2026-03-19 10:41:26,529 INFO master_ingestion_agent - Processed subway\ttc-subway-delay-data-2023__01_2023.csv as subway rows=22949
2026-03-19 10:41:26,885 INFO master_ingestion_agent - Processed subway\ttc-subway-delay-data-2024__01_Subway.csv as subway rows=26467
2026-03-19 10:41:26,901 INFO master_ingestion_agent - Processed subway\ttc-subway-delay-data-readme__01_Meta_Data.csv as subway rows=10
2026-03-19 10:41:27,516 INFO master_ingestion_agent - Processed subway\ttc-subway-delay-jan-2014-april-2017__01_Incidents.csv as subway rows=69016
2026-03-19 10:41:27,548 INFO master_ingestion_agent - Processed subway\ttc-subway-delay-may-december-2017__01_May17.csv as subway rows=1634
2026-03-19 10:41:27,585 INFO master_ingestion_agent - Processed subway\ttc-subway-delay-may-december-2017__02_June17.csv as subway rows=1568
2026-03-19 10:41:27,619 INFO master_ingestion_agent - Processed subway\ttc-subway-delay-may-december-2017__03_July_2017.csv as subway rows=1497
2026-03-19 10:41:27,655 INFO master_ingestion_agent - Processed subway\ttc-subway-delay-may-december-2017__04_August_2017.csv as subway rows=1581
2026-03-19 10:41:27,689 INFO master_ingestion_agent - Processed subway\ttc-subway-delay-may-december-2017__05_September_2017.csv as subway rows=1478
2026-03-19 10:41:27,724 INFO master_ingestion_agent - Processed subway\ttc-subway-delay-may-december-2017__06_October_2017.csv as subway rows=1605
2026-03-19 10:41:27,757 INFO master_ingestion_agent - Processed subway\ttc-subway-delay-may-december-2017__07_November_2017.csv as subway rows=1685
2026-03-19 10:41:27,794 INFO master_ingestion_agent - Processed subway\ttc-subway-delay-may-december-2017__08_Dec17.csv as subway rows=1881
2026-03-19 10:41:49,132 INFO master_ingestion_agent - Verification: ['files_discovered=171', 'files_processed=170', 'files_failed=1', 'parquet_files=28']
2026-03-19 10:41:49,132 INFO master_ingestion_agent - Data quality summary: {'rows': 6440137, 'unknown_locations': 5419075, 'subway_rows': 319738, 'subway_codes_mapped': 0}
